2025-03-10T10:24:19.124+05:00  INFO 1244 --- [BitlabTrello] [restartedMain] k.b.b.BitlabTrelloApplication            : Starting BitlabTrelloApplication using Java 21.0.5 with PID 1244 (C:\Users\om\UserFolders\BitlabTrello\target\classes started by om in C:\Users\om\UserFolders\BitlabTrello)
2025-03-10T10:24:19.131+05:00  INFO 1244 --- [BitlabTrello] [restartedMain] k.b.b.BitlabTrelloApplication            : No active profile set, falling back to 1 default profile: "default"
2025-03-10T10:24:19.188+05:00  INFO 1244 --- [BitlabTrello] [restartedMain] .e.DevToolsPropertyDefaultsPostProcessor : Devtools property defaults active! Set 'spring.devtools.add-properties' to 'false' to disable
2025-03-10T10:24:19.188+05:00  INFO 1244 --- [BitlabTrello] [restartedMain] .e.DevToolsPropertyDefaultsPostProcessor : For additional web related logging consider setting the 'logging.level.web' property to 'DEBUG'
2025-03-10T10:24:19.848+05:00  INFO 1244 --- [BitlabTrello] [restartedMain] .s.d.r.c.RepositoryConfigurationDelegate : Bootstrapping Spring Data JPA repositories in DEFAULT mode.
2025-03-10T10:24:19.907+05:00  INFO 1244 --- [BitlabTrello] [restartedMain] .s.d.r.c.RepositoryConfigurationDelegate : Finished Spring Data repository scanning in 49 ms. Found 4 JPA repository interfaces.
2025-03-10T10:24:20.454+05:00  INFO 1244 --- [BitlabTrello] [restartedMain] o.s.b.w.embedded.tomcat.TomcatWebServer  : Tomcat initialized with port 8080 (http)
2025-03-10T10:24:20.467+05:00  INFO 1244 --- [BitlabTrello] [restartedMain] o.apache.catalina.core.StandardService   : Starting service [Tomcat]
2025-03-10T10:24:20.468+05:00  INFO 1244 --- [BitlabTrello] [restartedMain] o.apache.catalina.core.StandardEngine    : Starting Servlet engine: [Apache Tomcat/10.1.36]
2025-03-10T10:24:20.512+05:00  INFO 1244 --- [BitlabTrello] [restartedMain] o.a.c.c.C.[Tomcat].[localhost].[/]       : Initializing Spring embedded WebApplicationContext
2025-03-10T10:24:20.513+05:00  INFO 1244 --- [BitlabTrello] [restartedMain] w.s.c.ServletWebServerApplicationContext : Root WebApplicationContext: initialization completed in 1324 ms
2025-03-10T10:24:20.665+05:00  INFO 1244 --- [BitlabTrello] [restartedMain] o.hibernate.jpa.internal.util.LogHelper  : HHH000204: Processing PersistenceUnitInfo [name: default]
2025-03-10T10:24:20.738+05:00  INFO 1244 --- [BitlabTrello] [restartedMain] org.hibernate.Version                    : HHH000412: Hibernate ORM core version 6.6.8.Final
2025-03-10T10:24:20.780+05:00  INFO 1244 --- [BitlabTrello] [restartedMain] o.h.c.internal.RegionFactoryInitiator    : HHH000026: Second-level cache disabled
2025-03-10T10:24:21.097+05:00  INFO 1244 --- [BitlabTrello] [restartedMain] o.s.o.j.p.SpringPersistenceUnitInfo      : No LoadTimeWeaver setup: ignoring JPA class transformer
2025-03-10T10:24:21.131+05:00  INFO 1244 --- [BitlabTrello] [restartedMain] com.zaxxer.hikari.HikariDataSource       : HikariPool-1 - Starting...
2025-03-10T10:24:21.298+05:00  INFO 1244 --- [BitlabTrello] [restartedMain] com.zaxxer.hikari.pool.HikariPool        : HikariPool-1 - Added connection org.postgresql.jdbc.PgConnection@1ae4a15b
2025-03-10T10:24:21.299+05:00  INFO 1244 --- [BitlabTrello] [restartedMain] com.zaxxer.hikari.HikariDataSource       : HikariPool-1 - Start completed.
2025-03-10T10:24:21.345+05:00  WARN 1244 --- [BitlabTrello] [restartedMain] org.hibernate.orm.deprecation            : HHH90000025: PostgreSQLDialect does not need to be specified explicitly using 'hibernate.dialect' (remove the property setting and it will be selected by default)
2025-03-10T10:24:21.363+05:00  INFO 1244 --- [BitlabTrello] [restartedMain] org.hibernate.orm.connections.pooling    : HHH10001005: Database info:
	Database JDBC URL [Connecting through datasource 'HikariDataSource (HikariPool-1)']
	Database driver: undefined/unknown
	Database version: 17.0
	Autocommit mode: undefined/unknown
	Isolation level: undefined/unknown
	Minimum pool size: undefined/unknown
	Maximum pool size: undefined/unknown
2025-03-10T10:24:21.596+05:00 ERROR 1244 --- [BitlabTrello] [restartedMain] j.LocalContainerEntityManagerFactoryBean : Failed to initialize JPA EntityManagerFactory: Collection 'kz.bitlab.bitlabtrello.db.Folder.categories' is 'mappedBy' a property named 'folders' which does not exist in the target entity 'kz.bitlab.bitlabtrello.db.TaskCategory'
2025-03-10T10:24:21.598+05:00  WARN 1244 --- [BitlabTrello] [restartedMain] ConfigServletWebServerApplicationContext : Exception encountered during context initialization - cancelling refresh attempt: org.springframework.beans.factory.BeanCreationException: Error creating bean with name 'entityManagerFactory' defined in class path resource [org/springframework/boot/autoconfigure/orm/jpa/HibernateJpaConfiguration.class]: Collection 'kz.bitlab.bitlabtrello.db.Folder.categories' is 'mappedBy' a property named 'folders' which does not exist in the target entity 'kz.bitlab.bitlabtrello.db.TaskCategory'
2025-03-10T10:24:21.600+05:00  INFO 1244 --- [BitlabTrello] [restartedMain] com.zaxxer.hikari.HikariDataSource       : HikariPool-1 - Shutdown initiated...
2025-03-10T10:24:21.680+05:00  INFO 1244 --- [BitlabTrello] [restartedMain] com.zaxxer.hikari.HikariDataSource       : HikariPool-1 - Shutdown completed.
2025-03-10T10:24:21.684+05:00  INFO 1244 --- [BitlabTrello] [restartedMain] o.apache.catalina.core.StandardService   : Stopping service [Tomcat]
2025-03-10T10:24:21.704+05:00  INFO 1244 --- [BitlabTrello] [restartedMain] .s.b.a.l.ConditionEvaluationReportLogger : 

Error starting ApplicationContext. To display the condition evaluation report re-run your application with 'debug' enabled.
2025-03-10T10:24:21.727+05:00 ERROR 1244 --- [BitlabTrello] [restartedMain] o.s.boot.SpringApplication               : Application run failed

org.springframework.beans.factory.BeanCreationException: Error creating bean with name 'entityManagerFactory' defined in class path resource [org/springframework/boot/autoconfigure/orm/jpa/HibernateJpaConfiguration.class]: Collection 'kz.bitlab.bitlabtrello.db.Folder.categories' is 'mappedBy' a property named 'folders' which does not exist in the target entity 'kz.bitlab.bitlabtrello.db.TaskCategory'
	at org.springframework.beans.factory.support.AbstractAutowireCapableBeanFactory.initializeBean(AbstractAutowireCapableBeanFactory.java:1812) ~[spring-beans-6.2.3.jar:6.2.3]
	at org.springframework.beans.factory.support.AbstractAutowireCapableBeanFactory.doCreateBean(AbstractAutowireCapableBeanFactory.java:601) ~[spring-beans-6.2.3.jar:6.2.3]
	at org.springframework.beans.factory.support.AbstractAutowireCapableBeanFactory.createBean(AbstractAutowireCapableBeanFactory.java:523) ~[spring-beans-6.2.3.jar:6.2.3]
	at org.springframework.beans.factory.support.AbstractBeanFactory.lambda$doGetBean$0(AbstractBeanFactory.java:339) ~[spring-beans-6.2.3.jar:6.2.3]
	at org.springframework.beans.factory.support.DefaultSingletonBeanRegistry.getSingleton(DefaultSingletonBeanRegistry.java:346) ~[spring-beans-6.2.3.jar:6.2.3]
	at org.springframework.beans.factory.support.AbstractBeanFactory.doGetBean(AbstractBeanFactory.java:337) ~[spring-beans-6.2.3.jar:6.2.3]
	at org.springframework.beans.factory.support.AbstractBeanFactory.getBean(AbstractBeanFactory.java:207) ~[spring-beans-6.2.3.jar:6.2.3]
	at org.springframework.context.support.AbstractApplicationContext.finishBeanFactoryInitialization(AbstractApplicationContext.java:970) ~[spring-context-6.2.3.jar:6.2.3]
	at org.springframework.context.support.AbstractApplicationContext.refresh(AbstractApplicationContext.java:627) ~[spring-context-6.2.3.jar:6.2.3]
	at org.springframework.boot.web.servlet.context.ServletWebServerApplicationContext.refresh(ServletWebServerApplicationContext.java:146) ~[spring-boot-3.4.3.jar:3.4.3]
	at org.springframework.boot.SpringApplication.refresh(SpringApplication.java:752) ~[spring-boot-3.4.3.jar:3.4.3]
	at org.springframework.boot.SpringApplication.refreshContext(SpringApplication.java:439) ~[spring-boot-3.4.3.jar:3.4.3]
	at org.springframework.boot.SpringApplication.run(SpringApplication.java:318) ~[spring-boot-3.4.3.jar:3.4.3]
	at org.springframework.boot.SpringApplication.run(SpringApplication.java:1361) ~[spring-boot-3.4.3.jar:3.4.3]
	at org.springframework.boot.SpringApplication.run(SpringApplication.java:1350) ~[spring-boot-3.4.3.jar:3.4.3]
	at kz.bitlab.bitlabtrello.BitlabTrelloApplication.main(BitlabTrelloApplication.java:22) ~[classes/:na]
	at java.base/jdk.internal.reflect.DirectMethodHandleAccessor.invoke(DirectMethodHandleAccessor.java:103) ~[na:na]
	at java.base/java.lang.reflect.Method.invoke(Method.java:580) ~[na:na]
	at org.springframework.boot.devtools.restart.RestartLauncher.run(RestartLauncher.java:50) ~[spring-boot-devtools-3.4.3.jar:3.4.3]
Caused by: org.hibernate.AnnotationException: Collection 'kz.bitlab.bitlabtrello.db.Folder.categories' is 'mappedBy' a property named 'folders' which does not exist in the target entity 'kz.bitlab.bitlabtrello.db.TaskCategory'
	at org.hibernate.boot.model.internal.CollectionBinder.isReversePropertyInJoin(CollectionBinder.java:1638) ~[hibernate-core-6.6.8.Final.jar:6.6.8.Final]
	at org.hibernate.boot.model.internal.CollectionBinder.noAssociationTable(CollectionBinder.java:1652) ~[hibernate-core-6.6.8.Final.jar:6.6.8.Final]
	at org.hibernate.boot.model.internal.CollectionBinder.bindStarToManySecondPass(CollectionBinder.java:1613) ~[hibernate-core-6.6.8.Final.jar:6.6.8.Final]
	at org.hibernate.boot.model.internal.CollectionBinder$1.secondPass(CollectionBinder.java:1604) ~[hibernate-core-6.6.8.Final.jar:6.6.8.Final]
	at org.hibernate.boot.model.internal.CollectionSecondPass.doSecondPass(CollectionSecondPass.java:45) ~[hibernate-core-6.6.8.Final.jar:6.6.8.Final]
	at org.hibernate.boot.internal.InFlightMetadataCollectorImpl.processSecondPasses(InFlightMetadataCollectorImpl.java:1842) ~[hibernate-core-6.6.8.Final.jar:6.6.8.Final]
	at org.hibernate.boot.internal.InFlightMetadataCollectorImpl.processSecondPasses(InFlightMetadataCollectorImpl.java:1800) ~[hibernate-core-6.6.8.Final.jar:6.6.8.Final]
	at org.hibernate.boot.model.process.spi.MetadataBuildingProcess.complete(MetadataBuildingProcess.java:334) ~[hibernate-core-6.6.8.Final.jar:6.6.8.Final]
	at org.hibernate.jpa.boot.internal.EntityManagerFactoryBuilderImpl.metadata(EntityManagerFactoryBuilderImpl.java:1442) ~[hibernate-core-6.6.8.Final.jar:6.6.8.Final]
	at org.hibernate.jpa.boot.internal.EntityManagerFactoryBuilderImpl.build(EntityManagerFactoryBuilderImpl.java:1513) ~[hibernate-core-6.6.8.Final.jar:6.6.8.Final]
	at org.springframework.orm.jpa.vendor.SpringHibernateJpaPersistenceProvider.createContainerEntityManagerFactory(SpringHibernateJpaPersistenceProvider.java:66) ~[spring-orm-6.2.3.jar:6.2.3]
	at org.springframework.orm.jpa.LocalContainerEntityManagerFactoryBean.createNativeEntityManagerFactory(LocalContainerEntityManagerFactoryBean.java:390) ~[spring-orm-6.2.3.jar:6.2.3]
	at org.springframework.orm.jpa.AbstractEntityManagerFactoryBean.buildNativeEntityManagerFactory(AbstractEntityManagerFactoryBean.java:419) ~[spring-orm-6.2.3.jar:6.2.3]
	at org.springframework.orm.jpa.AbstractEntityManagerFactoryBean.afterPropertiesSet(AbstractEntityManagerFactoryBean.java:400) ~[spring-orm-6.2.3.jar:6.2.3]
	at org.springframework.orm.jpa.LocalContainerEntityManagerFactoryBean.afterPropertiesSet(LocalContainerEntityManagerFactoryBean.java:366) ~[spring-orm-6.2.3.jar:6.2.3]
	at org.springframework.beans.factory.support.AbstractAutowireCapableBeanFactory.invokeInitMethods(AbstractAutowireCapableBeanFactory.java:1859) ~[spring-beans-6.2.3.jar:6.2.3]
	at org.springframework.beans.factory.support.AbstractAutowireCapableBeanFactory.initializeBean(AbstractAutowireCapableBeanFactory.java:1808) ~[spring-beans-6.2.3.jar:6.2.3]
	... 18 common frames omitted

2025-03-10T10:28:01.293+05:00  INFO 19276 --- [BitlabTrello] [restartedMain] k.b.b.BitlabTrelloApplication            : Starting BitlabTrelloApplication using Java 21.0.5 with PID 19276 (C:\Users\om\UserFolders\BitlabTrello\target\classes started by om in C:\Users\om\UserFolders\BitlabTrello)
2025-03-10T10:28:01.296+05:00  INFO 19276 --- [BitlabTrello] [restartedMain] k.b.b.BitlabTrelloApplication            : No active profile set, falling back to 1 default profile: "default"
2025-03-10T10:28:01.342+05:00  INFO 19276 --- [BitlabTrello] [restartedMain] .e.DevToolsPropertyDefaultsPostProcessor : Devtools property defaults active! Set 'spring.devtools.add-properties' to 'false' to disable
2025-03-10T10:28:01.343+05:00  INFO 19276 --- [BitlabTrello] [restartedMain] .e.DevToolsPropertyDefaultsPostProcessor : For additional web related logging consider setting the 'logging.level.web' property to 'DEBUG'
2025-03-10T10:28:01.911+05:00  INFO 19276 --- [BitlabTrello] [restartedMain] .s.d.r.c.RepositoryConfigurationDelegate : Bootstrapping Spring Data JPA repositories in DEFAULT mode.
2025-03-10T10:28:01.971+05:00  INFO 19276 --- [BitlabTrello] [restartedMain] .s.d.r.c.RepositoryConfigurationDelegate : Finished Spring Data repository scanning in 49 ms. Found 4 JPA repository interfaces.
2025-03-10T10:28:02.459+05:00  INFO 19276 --- [BitlabTrello] [restartedMain] o.s.b.w.embedded.tomcat.TomcatWebServer  : Tomcat initialized with port 8080 (http)
2025-03-10T10:28:02.470+05:00  INFO 19276 --- [BitlabTrello] [restartedMain] o.apache.catalina.core.StandardService   : Starting service [Tomcat]
2025-03-10T10:28:02.470+05:00  INFO 19276 --- [BitlabTrello] [restartedMain] o.apache.catalina.core.StandardEngine    : Starting Servlet engine: [Apache Tomcat/10.1.36]
2025-03-10T10:28:02.510+05:00  INFO 19276 --- [BitlabTrello] [restartedMain] o.a.c.c.C.[Tomcat].[localhost].[/]       : Initializing Spring embedded WebApplicationContext
2025-03-10T10:28:02.510+05:00  INFO 19276 --- [BitlabTrello] [restartedMain] w.s.c.ServletWebServerApplicationContext : Root WebApplicationContext: initialization completed in 1167 ms
2025-03-10T10:28:02.643+05:00  INFO 19276 --- [BitlabTrello] [restartedMain] o.hibernate.jpa.internal.util.LogHelper  : HHH000204: Processing PersistenceUnitInfo [name: default]
2025-03-10T10:28:02.696+05:00  INFO 19276 --- [BitlabTrello] [restartedMain] org.hibernate.Version                    : HHH000412: Hibernate ORM core version 6.6.8.Final
2025-03-10T10:28:02.727+05:00  INFO 19276 --- [BitlabTrello] [restartedMain] o.h.c.internal.RegionFactoryInitiator    : HHH000026: Second-level cache disabled
2025-03-10T10:28:03.012+05:00  INFO 19276 --- [BitlabTrello] [restartedMain] o.s.o.j.p.SpringPersistenceUnitInfo      : No LoadTimeWeaver setup: ignoring JPA class transformer
2025-03-10T10:28:03.042+05:00  INFO 19276 --- [BitlabTrello] [restartedMain] com.zaxxer.hikari.HikariDataSource       : HikariPool-1 - Starting...
2025-03-10T10:28:03.188+05:00  INFO 19276 --- [BitlabTrello] [restartedMain] com.zaxxer.hikari.pool.HikariPool        : HikariPool-1 - Added connection org.postgresql.jdbc.PgConnection@12d0e4c8
2025-03-10T10:28:03.190+05:00  INFO 19276 --- [BitlabTrello] [restartedMain] com.zaxxer.hikari.HikariDataSource       : HikariPool-1 - Start completed.
2025-03-10T10:28:03.225+05:00  WARN 19276 --- [BitlabTrello] [restartedMain] org.hibernate.orm.deprecation            : HHH90000025: PostgreSQLDialect does not need to be specified explicitly using 'hibernate.dialect' (remove the property setting and it will be selected by default)
2025-03-10T10:28:03.249+05:00  INFO 19276 --- [BitlabTrello] [restartedMain] org.hibernate.orm.connections.pooling    : HHH10001005: Database info:
	Database JDBC URL [Connecting through datasource 'HikariDataSource (HikariPool-1)']
	Database driver: undefined/unknown
	Database version: 17.0
	Autocommit mode: undefined/unknown
	Isolation level: undefined/unknown
	Minimum pool size: undefined/unknown
	Maximum pool size: undefined/unknown
2025-03-10T10:28:03.446+05:00  WARN 19276 --- [BitlabTrello] [restartedMain] ConfigServletWebServerApplicationContext : Exception encountered during context initialization - cancelling refresh attempt: org.springframework.beans.factory.BeanCreationException: Error creating bean with name 'entityManagerFactory' defined in class path resource [org/springframework/boot/autoconfigure/orm/jpa/HibernateJpaConfiguration.class]: Cannot invoke "org.hibernate.mapping.ToOne.getReferencedEntityName()" because "toOne" is null
2025-03-10T10:28:03.449+05:00  INFO 19276 --- [BitlabTrello] [restartedMain] com.zaxxer.hikari.HikariDataSource       : HikariPool-1 - Shutdown initiated...
2025-03-10T10:28:03.491+05:00  INFO 19276 --- [BitlabTrello] [restartedMain] com.zaxxer.hikari.HikariDataSource       : HikariPool-1 - Shutdown completed.
2025-03-10T10:28:03.494+05:00  INFO 19276 --- [BitlabTrello] [restartedMain] o.apache.catalina.core.StandardService   : Stopping service [Tomcat]
2025-03-10T10:28:03.506+05:00  INFO 19276 --- [BitlabTrello] [restartedMain] .s.b.a.l.ConditionEvaluationReportLogger : 

Error starting ApplicationContext. To display the condition evaluation report re-run your application with 'debug' enabled.
2025-03-10T10:28:03.528+05:00 ERROR 19276 --- [BitlabTrello] [restartedMain] o.s.boot.SpringApplication               : Application run failed

org.springframework.beans.factory.BeanCreationException: Error creating bean with name 'entityManagerFactory' defined in class path resource [org/springframework/boot/autoconfigure/orm/jpa/HibernateJpaConfiguration.class]: Cannot invoke "org.hibernate.mapping.ToOne.getReferencedEntityName()" because "toOne" is null
	at org.springframework.beans.factory.support.AbstractAutowireCapableBeanFactory.initializeBean(AbstractAutowireCapableBeanFactory.java:1812) ~[spring-beans-6.2.3.jar:6.2.3]
	at org.springframework.beans.factory.support.AbstractAutowireCapableBeanFactory.doCreateBean(AbstractAutowireCapableBeanFactory.java:601) ~[spring-beans-6.2.3.jar:6.2.3]
	at org.springframework.beans.factory.support.AbstractAutowireCapableBeanFactory.createBean(AbstractAutowireCapableBeanFactory.java:523) ~[spring-beans-6.2.3.jar:6.2.3]
	at org.springframework.beans.factory.support.AbstractBeanFactory.lambda$doGetBean$0(AbstractBeanFactory.java:339) ~[spring-beans-6.2.3.jar:6.2.3]
	at org.springframework.beans.factory.support.DefaultSingletonBeanRegistry.getSingleton(DefaultSingletonBeanRegistry.java:346) ~[spring-beans-6.2.3.jar:6.2.3]
	at org.springframework.beans.factory.support.AbstractBeanFactory.doGetBean(AbstractBeanFactory.java:337) ~[spring-beans-6.2.3.jar:6.2.3]
	at org.springframework.beans.factory.support.AbstractBeanFactory.getBean(AbstractBeanFactory.java:207) ~[spring-beans-6.2.3.jar:6.2.3]
	at org.springframework.context.support.AbstractApplicationContext.finishBeanFactoryInitialization(AbstractApplicationContext.java:970) ~[spring-context-6.2.3.jar:6.2.3]
	at org.springframework.context.support.AbstractApplicationContext.refresh(AbstractApplicationContext.java:627) ~[spring-context-6.2.3.jar:6.2.3]
	at org.springframework.boot.web.servlet.context.ServletWebServerApplicationContext.refresh(ServletWebServerApplicationContext.java:146) ~[spring-boot-3.4.3.jar:3.4.3]
	at org.springframework.boot.SpringApplication.refresh(SpringApplication.java:752) ~[spring-boot-3.4.3.jar:3.4.3]
	at org.springframework.boot.SpringApplication.refreshContext(SpringApplication.java:439) ~[spring-boot-3.4.3.jar:3.4.3]
	at org.springframework.boot.SpringApplication.run(SpringApplication.java:318) ~[spring-boot-3.4.3.jar:3.4.3]
	at org.springframework.boot.SpringApplication.run(SpringApplication.java:1361) ~[spring-boot-3.4.3.jar:3.4.3]
	at org.springframework.boot.SpringApplication.run(SpringApplication.java:1350) ~[spring-boot-3.4.3.jar:3.4.3]
	at kz.bitlab.bitlabtrello.BitlabTrelloApplication.main(BitlabTrelloApplication.java:22) ~[classes/:na]
	at java.base/jdk.internal.reflect.DirectMethodHandleAccessor.invoke(DirectMethodHandleAccessor.java:103) ~[na:na]
	at java.base/java.lang.reflect.Method.invoke(Method.java:580) ~[na:na]
	at org.springframework.boot.devtools.restart.RestartLauncher.run(RestartLauncher.java:50) ~[spring-boot-devtools-3.4.3.jar:3.4.3]
Caused by: java.lang.NullPointerException: Cannot invoke "org.hibernate.mapping.ToOne.getReferencedEntityName()" because "toOne" is null
	at org.hibernate.boot.model.internal.BinderHelper.checkMappedByType(BinderHelper.java:1149) ~[hibernate-core-6.6.8.Final.jar:6.6.8.Final]
	at org.hibernate.boot.model.internal.CollectionBinder.isReversePropertyInJoin(CollectionBinder.java:1641) ~[hibernate-core-6.6.8.Final.jar:6.6.8.Final]
	at org.hibernate.boot.model.internal.CollectionBinder.noAssociationTable(CollectionBinder.java:1652) ~[hibernate-core-6.6.8.Final.jar:6.6.8.Final]
	at org.hibernate.boot.model.internal.CollectionBinder.bindStarToManySecondPass(CollectionBinder.java:1613) ~[hibernate-core-6.6.8.Final.jar:6.6.8.Final]
	at org.hibernate.boot.model.internal.CollectionBinder$1.secondPass(CollectionBinder.java:1604) ~[hibernate-core-6.6.8.Final.jar:6.6.8.Final]
	at org.hibernate.boot.model.internal.CollectionSecondPass.doSecondPass(CollectionSecondPass.java:45) ~[hibernate-core-6.6.8.Final.jar:6.6.8.Final]
	at org.hibernate.boot.internal.InFlightMetadataCollectorImpl.processSecondPasses(InFlightMetadataCollectorImpl.java:1842) ~[hibernate-core-6.6.8.Final.jar:6.6.8.Final]
	at org.hibernate.boot.internal.InFlightMetadataCollectorImpl.processSecondPasses(InFlightMetadataCollectorImpl.java:1800) ~[hibernate-core-6.6.8.Final.jar:6.6.8.Final]
	at org.hibernate.boot.model.process.spi.MetadataBuildingProcess.complete(MetadataBuildingProcess.java:334) ~[hibernate-core-6.6.8.Final.jar:6.6.8.Final]
	at org.hibernate.jpa.boot.internal.EntityManagerFactoryBuilderImpl.metadata(EntityManagerFactoryBuilderImpl.java:1442) ~[hibernate-core-6.6.8.Final.jar:6.6.8.Final]
	at org.hibernate.jpa.boot.internal.EntityManagerFactoryBuilderImpl.build(EntityManagerFactoryBuilderImpl.java:1513) ~[hibernate-core-6.6.8.Final.jar:6.6.8.Final]
	at org.springframework.orm.jpa.vendor.SpringHibernateJpaPersistenceProvider.createContainerEntityManagerFactory(SpringHibernateJpaPersistenceProvider.java:66) ~[spring-orm-6.2.3.jar:6.2.3]
	at org.springframework.orm.jpa.LocalContainerEntityManagerFactoryBean.createNativeEntityManagerFactory(LocalContainerEntityManagerFactoryBean.java:390) ~[spring-orm-6.2.3.jar:6.2.3]
	at org.springframework.orm.jpa.AbstractEntityManagerFactoryBean.buildNativeEntityManagerFactory(AbstractEntityManagerFactoryBean.java:419) ~[spring-orm-6.2.3.jar:6.2.3]
	at org.springframework.orm.jpa.AbstractEntityManagerFactoryBean.afterPropertiesSet(AbstractEntityManagerFactoryBean.java:400) ~[spring-orm-6.2.3.jar:6.2.3]
	at org.springframework.orm.jpa.LocalContainerEntityManagerFactoryBean.afterPropertiesSet(LocalContainerEntityManagerFactoryBean.java:366) ~[spring-orm-6.2.3.jar:6.2.3]
	at org.springframework.beans.factory.support.AbstractAutowireCapableBeanFactory.invokeInitMethods(AbstractAutowireCapableBeanFactory.java:1859) ~[spring-beans-6.2.3.jar:6.2.3]
	at org.springframework.beans.factory.support.AbstractAutowireCapableBeanFactory.initializeBean(AbstractAutowireCapableBeanFactory.java:1808) ~[spring-beans-6.2.3.jar:6.2.3]
	... 18 common frames omitted

2025-03-10T10:48:37.785+05:00  INFO 15192 --- [BitlabTrello] [restartedMain] k.b.b.BitlabTrelloApplication            : Starting BitlabTrelloApplication using Java 21.0.5 with PID 15192 (C:\Users\om\UserFolders\BitlabTrello\target\classes started by om in C:\Users\om\UserFolders\BitlabTrello)
2025-03-10T10:48:37.787+05:00  INFO 15192 --- [BitlabTrello] [restartedMain] k.b.b.BitlabTrelloApplication            : No active profile set, falling back to 1 default profile: "default"
2025-03-10T10:48:37.839+05:00  INFO 15192 --- [BitlabTrello] [restartedMain] .e.DevToolsPropertyDefaultsPostProcessor : Devtools property defaults active! Set 'spring.devtools.add-properties' to 'false' to disable
2025-03-10T10:48:37.839+05:00  INFO 15192 --- [BitlabTrello] [restartedMain] .e.DevToolsPropertyDefaultsPostProcessor : For additional web related logging consider setting the 'logging.level.web' property to 'DEBUG'
2025-03-10T10:48:38.401+05:00  INFO 15192 --- [BitlabTrello] [restartedMain] .s.d.r.c.RepositoryConfigurationDelegate : Bootstrapping Spring Data JPA repositories in DEFAULT mode.
2025-03-10T10:48:38.454+05:00  INFO 15192 --- [BitlabTrello] [restartedMain] .s.d.r.c.RepositoryConfigurationDelegate : Finished Spring Data repository scanning in 43 ms. Found 4 JPA repository interfaces.
2025-03-10T10:48:38.940+05:00  INFO 15192 --- [BitlabTrello] [restartedMain] o.s.b.w.embedded.tomcat.TomcatWebServer  : Tomcat initialized with port 8080 (http)
2025-03-10T10:48:38.952+05:00  INFO 15192 --- [BitlabTrello] [restartedMain] o.apache.catalina.core.StandardService   : Starting service [Tomcat]
2025-03-10T10:48:38.952+05:00  INFO 15192 --- [BitlabTrello] [restartedMain] o.apache.catalina.core.StandardEngine    : Starting Servlet engine: [Apache Tomcat/10.1.36]
2025-03-10T10:48:38.991+05:00  INFO 15192 --- [BitlabTrello] [restartedMain] o.a.c.c.C.[Tomcat].[localhost].[/]       : Initializing Spring embedded WebApplicationContext
2025-03-10T10:48:38.991+05:00  INFO 15192 --- [BitlabTrello] [restartedMain] w.s.c.ServletWebServerApplicationContext : Root WebApplicationContext: initialization completed in 1151 ms
2025-03-10T10:48:39.122+05:00  INFO 15192 --- [BitlabTrello] [restartedMain] o.hibernate.jpa.internal.util.LogHelper  : HHH000204: Processing PersistenceUnitInfo [name: default]
2025-03-10T10:48:39.173+05:00  INFO 15192 --- [BitlabTrello] [restartedMain] org.hibernate.Version                    : HHH000412: Hibernate ORM core version 6.6.8.Final
2025-03-10T10:48:39.205+05:00  INFO 15192 --- [BitlabTrello] [restartedMain] o.h.c.internal.RegionFactoryInitiator    : HHH000026: Second-level cache disabled
2025-03-10T10:48:39.486+05:00  INFO 15192 --- [BitlabTrello] [restartedMain] o.s.o.j.p.SpringPersistenceUnitInfo      : No LoadTimeWeaver setup: ignoring JPA class transformer
2025-03-10T10:48:39.515+05:00  INFO 15192 --- [BitlabTrello] [restartedMain] com.zaxxer.hikari.HikariDataSource       : HikariPool-1 - Starting...
2025-03-10T10:48:39.658+05:00  INFO 15192 --- [BitlabTrello] [restartedMain] com.zaxxer.hikari.pool.HikariPool        : HikariPool-1 - Added connection org.postgresql.jdbc.PgConnection@3690afd3
2025-03-10T10:48:39.660+05:00  INFO 15192 --- [BitlabTrello] [restartedMain] com.zaxxer.hikari.HikariDataSource       : HikariPool-1 - Start completed.
2025-03-10T10:48:39.693+05:00  WARN 15192 --- [BitlabTrello] [restartedMain] org.hibernate.orm.deprecation            : HHH90000025: PostgreSQLDialect does not need to be specified explicitly using 'hibernate.dialect' (remove the property setting and it will be selected by default)
2025-03-10T10:48:39.717+05:00  INFO 15192 --- [BitlabTrello] [restartedMain] org.hibernate.orm.connections.pooling    : HHH10001005: Database info:
	Database JDBC URL [Connecting through datasource 'HikariDataSource (HikariPool-1)']
	Database driver: undefined/unknown
	Database version: 17.0
	Autocommit mode: undefined/unknown
	Isolation level: undefined/unknown
	Minimum pool size: undefined/unknown
	Maximum pool size: undefined/unknown
2025-03-10T10:48:39.902+05:00  WARN 15192 --- [BitlabTrello] [restartedMain] ConfigServletWebServerApplicationContext : Exception encountered during context initialization - cancelling refresh attempt: org.springframework.beans.factory.BeanCreationException: Error creating bean with name 'entityManagerFactory' defined in class path resource [org/springframework/boot/autoconfigure/orm/jpa/HibernateJpaConfiguration.class]: Cannot invoke "org.hibernate.mapping.ToOne.getReferencedEntityName()" because "toOne" is null
2025-03-10T10:48:39.904+05:00  INFO 15192 --- [BitlabTrello] [restartedMain] com.zaxxer.hikari.HikariDataSource       : HikariPool-1 - Shutdown initiated...
2025-03-10T10:48:40.042+05:00  INFO 15192 --- [BitlabTrello] [restartedMain] com.zaxxer.hikari.HikariDataSource       : HikariPool-1 - Shutdown completed.
2025-03-10T10:48:40.044+05:00  INFO 15192 --- [BitlabTrello] [restartedMain] o.apache.catalina.core.StandardService   : Stopping service [Tomcat]
2025-03-10T10:48:40.054+05:00  INFO 15192 --- [BitlabTrello] [restartedMain] .s.b.a.l.ConditionEvaluationReportLogger : 

Error starting ApplicationContext. To display the condition evaluation report re-run your application with 'debug' enabled.
2025-03-10T10:48:40.070+05:00 ERROR 15192 --- [BitlabTrello] [restartedMain] o.s.boot.SpringApplication               : Application run failed

org.springframework.beans.factory.BeanCreationException: Error creating bean with name 'entityManagerFactory' defined in class path resource [org/springframework/boot/autoconfigure/orm/jpa/HibernateJpaConfiguration.class]: Cannot invoke "org.hibernate.mapping.ToOne.getReferencedEntityName()" because "toOne" is null
	at org.springframework.beans.factory.support.AbstractAutowireCapableBeanFactory.initializeBean(AbstractAutowireCapableBeanFactory.java:1812) ~[spring-beans-6.2.3.jar:6.2.3]
	at org.springframework.beans.factory.support.AbstractAutowireCapableBeanFactory.doCreateBean(AbstractAutowireCapableBeanFactory.java:601) ~[spring-beans-6.2.3.jar:6.2.3]
	at org.springframework.beans.factory.support.AbstractAutowireCapableBeanFactory.createBean(AbstractAutowireCapableBeanFactory.java:523) ~[spring-beans-6.2.3.jar:6.2.3]
	at org.springframework.beans.factory.support.AbstractBeanFactory.lambda$doGetBean$0(AbstractBeanFactory.java:339) ~[spring-beans-6.2.3.jar:6.2.3]
	at org.springframework.beans.factory.support.DefaultSingletonBeanRegistry.getSingleton(DefaultSingletonBeanRegistry.java:346) ~[spring-beans-6.2.3.jar:6.2.3]
	at org.springframework.beans.factory.support.AbstractBeanFactory.doGetBean(AbstractBeanFactory.java:337) ~[spring-beans-6.2.3.jar:6.2.3]
	at org.springframework.beans.factory.support.AbstractBeanFactory.getBean(AbstractBeanFactory.java:207) ~[spring-beans-6.2.3.jar:6.2.3]
	at org.springframework.context.support.AbstractApplicationContext.finishBeanFactoryInitialization(AbstractApplicationContext.java:970) ~[spring-context-6.2.3.jar:6.2.3]
	at org.springframework.context.support.AbstractApplicationContext.refresh(AbstractApplicationContext.java:627) ~[spring-context-6.2.3.jar:6.2.3]
	at org.springframework.boot.web.servlet.context.ServletWebServerApplicationContext.refresh(ServletWebServerApplicationContext.java:146) ~[spring-boot-3.4.3.jar:3.4.3]
	at org.springframework.boot.SpringApplication.refresh(SpringApplication.java:752) ~[spring-boot-3.4.3.jar:3.4.3]
	at org.springframework.boot.SpringApplication.refreshContext(SpringApplication.java:439) ~[spring-boot-3.4.3.jar:3.4.3]
	at org.springframework.boot.SpringApplication.run(SpringApplication.java:318) ~[spring-boot-3.4.3.jar:3.4.3]
	at org.springframework.boot.SpringApplication.run(SpringApplication.java:1361) ~[spring-boot-3.4.3.jar:3.4.3]
	at org.springframework.boot.SpringApplication.run(SpringApplication.java:1350) ~[spring-boot-3.4.3.jar:3.4.3]
	at kz.bitlab.bitlabtrello.BitlabTrelloApplication.main(BitlabTrelloApplication.java:22) ~[classes/:na]
	at java.base/jdk.internal.reflect.DirectMethodHandleAccessor.invoke(DirectMethodHandleAccessor.java:103) ~[na:na]
	at java.base/java.lang.reflect.Method.invoke(Method.java:580) ~[na:na]
	at org.springframework.boot.devtools.restart.RestartLauncher.run(RestartLauncher.java:50) ~[spring-boot-devtools-3.4.3.jar:3.4.3]
Caused by: java.lang.NullPointerException: Cannot invoke "org.hibernate.mapping.ToOne.getReferencedEntityName()" because "toOne" is null
	at org.hibernate.boot.model.internal.BinderHelper.checkMappedByType(BinderHelper.java:1149) ~[hibernate-core-6.6.8.Final.jar:6.6.8.Final]
	at org.hibernate.boot.model.internal.CollectionBinder.isReversePropertyInJoin(CollectionBinder.java:1641) ~[hibernate-core-6.6.8.Final.jar:6.6.8.Final]
	at org.hibernate.boot.model.internal.CollectionBinder.noAssociationTable(CollectionBinder.java:1652) ~[hibernate-core-6.6.8.Final.jar:6.6.8.Final]
	at org.hibernate.boot.model.internal.CollectionBinder.bindStarToManySecondPass(CollectionBinder.java:1613) ~[hibernate-core-6.6.8.Final.jar:6.6.8.Final]
	at org.hibernate.boot.model.internal.CollectionBinder$1.secondPass(CollectionBinder.java:1604) ~[hibernate-core-6.6.8.Final.jar:6.6.8.Final]
	at org.hibernate.boot.model.internal.CollectionSecondPass.doSecondPass(CollectionSecondPass.java:45) ~[hibernate-core-6.6.8.Final.jar:6.6.8.Final]
	at org.hibernate.boot.internal.InFlightMetadataCollectorImpl.processSecondPasses(InFlightMetadataCollectorImpl.java:1842) ~[hibernate-core-6.6.8.Final.jar:6.6.8.Final]
	at org.hibernate.boot.internal.InFlightMetadataCollectorImpl.processSecondPasses(InFlightMetadataCollectorImpl.java:1800) ~[hibernate-core-6.6.8.Final.jar:6.6.8.Final]
	at org.hibernate.boot.model.process.spi.MetadataBuildingProcess.complete(MetadataBuildingProcess.java:334) ~[hibernate-core-6.6.8.Final.jar:6.6.8.Final]
	at org.hibernate.jpa.boot.internal.EntityManagerFactoryBuilderImpl.metadata(EntityManagerFactoryBuilderImpl.java:1442) ~[hibernate-core-6.6.8.Final.jar:6.6.8.Final]
	at org.hibernate.jpa.boot.internal.EntityManagerFactoryBuilderImpl.build(EntityManagerFactoryBuilderImpl.java:1513) ~[hibernate-core-6.6.8.Final.jar:6.6.8.Final]
	at org.springframework.orm.jpa.vendor.SpringHibernateJpaPersistenceProvider.createContainerEntityManagerFactory(SpringHibernateJpaPersistenceProvider.java:66) ~[spring-orm-6.2.3.jar:6.2.3]
	at org.springframework.orm.jpa.LocalContainerEntityManagerFactoryBean.createNativeEntityManagerFactory(LocalContainerEntityManagerFactoryBean.java:390) ~[spring-orm-6.2.3.jar:6.2.3]
	at org.springframework.orm.jpa.AbstractEntityManagerFactoryBean.buildNativeEntityManagerFactory(AbstractEntityManagerFactoryBean.java:419) ~[spring-orm-6.2.3.jar:6.2.3]
	at org.springframework.orm.jpa.AbstractEntityManagerFactoryBean.afterPropertiesSet(AbstractEntityManagerFactoryBean.java:400) ~[spring-orm-6.2.3.jar:6.2.3]
	at org.springframework.orm.jpa.LocalContainerEntityManagerFactoryBean.afterPropertiesSet(LocalContainerEntityManagerFactoryBean.java:366) ~[spring-orm-6.2.3.jar:6.2.3]
	at org.springframework.beans.factory.support.AbstractAutowireCapableBeanFactory.invokeInitMethods(AbstractAutowireCapableBeanFactory.java:1859) ~[spring-beans-6.2.3.jar:6.2.3]
	at org.springframework.beans.factory.support.AbstractAutowireCapableBeanFactory.initializeBean(AbstractAutowireCapableBeanFactory.java:1808) ~[spring-beans-6.2.3.jar:6.2.3]
	... 18 common frames omitted

2025-03-10T11:03:53.537+05:00  INFO 14656 --- [BitlabTrello] [restartedMain] k.b.b.BitlabTrelloApplication            : Starting BitlabTrelloApplication using Java 21.0.5 with PID 14656 (C:\Users\om\UserFolders\BitlabTrello\target\classes started by om in C:\Users\om\UserFolders\BitlabTrello)
2025-03-10T11:03:53.539+05:00  INFO 14656 --- [BitlabTrello] [restartedMain] k.b.b.BitlabTrelloApplication            : No active profile set, falling back to 1 default profile: "default"
2025-03-10T11:03:53.588+05:00  INFO 14656 --- [BitlabTrello] [restartedMain] .e.DevToolsPropertyDefaultsPostProcessor : Devtools property defaults active! Set 'spring.devtools.add-properties' to 'false' to disable
2025-03-10T11:03:53.588+05:00  INFO 14656 --- [BitlabTrello] [restartedMain] .e.DevToolsPropertyDefaultsPostProcessor : For additional web related logging consider setting the 'logging.level.web' property to 'DEBUG'
2025-03-10T11:03:54.201+05:00  INFO 14656 --- [BitlabTrello] [restartedMain] .s.d.r.c.RepositoryConfigurationDelegate : Bootstrapping Spring Data JPA repositories in DEFAULT mode.
2025-03-10T11:03:54.261+05:00  INFO 14656 --- [BitlabTrello] [restartedMain] .s.d.r.c.RepositoryConfigurationDelegate : Finished Spring Data repository scanning in 48 ms. Found 4 JPA repository interfaces.
2025-03-10T11:03:54.775+05:00  INFO 14656 --- [BitlabTrello] [restartedMain] o.s.b.w.embedded.tomcat.TomcatWebServer  : Tomcat initialized with port 8080 (http)
2025-03-10T11:03:54.787+05:00  INFO 14656 --- [BitlabTrello] [restartedMain] o.apache.catalina.core.StandardService   : Starting service [Tomcat]
2025-03-10T11:03:54.787+05:00  INFO 14656 --- [BitlabTrello] [restartedMain] o.apache.catalina.core.StandardEngine    : Starting Servlet engine: [Apache Tomcat/10.1.36]
2025-03-10T11:03:54.831+05:00  INFO 14656 --- [BitlabTrello] [restartedMain] o.a.c.c.C.[Tomcat].[localhost].[/]       : Initializing Spring embedded WebApplicationContext
2025-03-10T11:03:54.832+05:00  INFO 14656 --- [BitlabTrello] [restartedMain] w.s.c.ServletWebServerApplicationContext : Root WebApplicationContext: initialization completed in 1243 ms
2025-03-10T11:03:54.968+05:00  INFO 14656 --- [BitlabTrello] [restartedMain] o.hibernate.jpa.internal.util.LogHelper  : HHH000204: Processing PersistenceUnitInfo [name: default]
2025-03-10T11:03:55.021+05:00  INFO 14656 --- [BitlabTrello] [restartedMain] org.hibernate.Version                    : HHH000412: Hibernate ORM core version 6.6.8.Final
2025-03-10T11:03:55.056+05:00  INFO 14656 --- [BitlabTrello] [restartedMain] o.h.c.internal.RegionFactoryInitiator    : HHH000026: Second-level cache disabled
2025-03-10T11:03:55.338+05:00  INFO 14656 --- [BitlabTrello] [restartedMain] o.s.o.j.p.SpringPersistenceUnitInfo      : No LoadTimeWeaver setup: ignoring JPA class transformer
2025-03-10T11:03:55.367+05:00  INFO 14656 --- [BitlabTrello] [restartedMain] com.zaxxer.hikari.HikariDataSource       : HikariPool-1 - Starting...
2025-03-10T11:03:55.650+05:00  INFO 14656 --- [BitlabTrello] [restartedMain] com.zaxxer.hikari.pool.HikariPool        : HikariPool-1 - Added connection org.postgresql.jdbc.PgConnection@689fcd6
2025-03-10T11:03:55.651+05:00  INFO 14656 --- [BitlabTrello] [restartedMain] com.zaxxer.hikari.HikariDataSource       : HikariPool-1 - Start completed.
2025-03-10T11:03:55.686+05:00  WARN 14656 --- [BitlabTrello] [restartedMain] org.hibernate.orm.deprecation            : HHH90000025: PostgreSQLDialect does not need to be specified explicitly using 'hibernate.dialect' (remove the property setting and it will be selected by default)
2025-03-10T11:03:55.704+05:00  INFO 14656 --- [BitlabTrello] [restartedMain] org.hibernate.orm.connections.pooling    : HHH10001005: Database info:
	Database JDBC URL [Connecting through datasource 'HikariDataSource (HikariPool-1)']
	Database driver: undefined/unknown
	Database version: 17.0
	Autocommit mode: undefined/unknown
	Isolation level: undefined/unknown
	Minimum pool size: undefined/unknown
	Maximum pool size: undefined/unknown
2025-03-10T11:03:56.080+05:00 ERROR 14656 --- [BitlabTrello] [restartedMain] j.LocalContainerEntityManagerFactoryBean : Failed to initialize JPA EntityManagerFactory: [PersistenceUnit: default] Unable to build Hibernate SessionFactory; nested exception is org.hibernate.MappingException: Column 'id' is duplicated in mapping for entity 'kz.bitlab.bitlabtrello.db.Comment' (use '@Column(insertable=false, updatable=false)' when mapping multiple properties to the same column)
2025-03-10T11:03:56.081+05:00  WARN 14656 --- [BitlabTrello] [restartedMain] ConfigServletWebServerApplicationContext : Exception encountered during context initialization - cancelling refresh attempt: org.springframework.beans.factory.BeanCreationException: Error creating bean with name 'entityManagerFactory' defined in class path resource [org/springframework/boot/autoconfigure/orm/jpa/HibernateJpaConfiguration.class]: [PersistenceUnit: default] Unable to build Hibernate SessionFactory; nested exception is org.hibernate.MappingException: Column 'id' is duplicated in mapping for entity 'kz.bitlab.bitlabtrello.db.Comment' (use '@Column(insertable=false, updatable=false)' when mapping multiple properties to the same column)
2025-03-10T11:03:56.082+05:00  INFO 14656 --- [BitlabTrello] [restartedMain] com.zaxxer.hikari.HikariDataSource       : HikariPool-1 - Shutdown initiated...
2025-03-10T11:03:56.134+05:00  INFO 14656 --- [BitlabTrello] [restartedMain] com.zaxxer.hikari.HikariDataSource       : HikariPool-1 - Shutdown completed.
2025-03-10T11:03:56.136+05:00  INFO 14656 --- [BitlabTrello] [restartedMain] o.apache.catalina.core.StandardService   : Stopping service [Tomcat]
2025-03-10T11:03:56.145+05:00  INFO 14656 --- [BitlabTrello] [restartedMain] .s.b.a.l.ConditionEvaluationReportLogger : 

Error starting ApplicationContext. To display the condition evaluation report re-run your application with 'debug' enabled.
2025-03-10T11:03:56.162+05:00 ERROR 14656 --- [BitlabTrello] [restartedMain] o.s.boot.SpringApplication               : Application run failed

org.springframework.beans.factory.BeanCreationException: Error creating bean with name 'entityManagerFactory' defined in class path resource [org/springframework/boot/autoconfigure/orm/jpa/HibernateJpaConfiguration.class]: [PersistenceUnit: default] Unable to build Hibernate SessionFactory; nested exception is org.hibernate.MappingException: Column 'id' is duplicated in mapping for entity 'kz.bitlab.bitlabtrello.db.Comment' (use '@Column(insertable=false, updatable=false)' when mapping multiple properties to the same column)
	at org.springframework.beans.factory.support.AbstractAutowireCapableBeanFactory.initializeBean(AbstractAutowireCapableBeanFactory.java:1812) ~[spring-beans-6.2.3.jar:6.2.3]
	at org.springframework.beans.factory.support.AbstractAutowireCapableBeanFactory.doCreateBean(AbstractAutowireCapableBeanFactory.java:601) ~[spring-beans-6.2.3.jar:6.2.3]
	at org.springframework.beans.factory.support.AbstractAutowireCapableBeanFactory.createBean(AbstractAutowireCapableBeanFactory.java:523) ~[spring-beans-6.2.3.jar:6.2.3]
	at org.springframework.beans.factory.support.AbstractBeanFactory.lambda$doGetBean$0(AbstractBeanFactory.java:339) ~[spring-beans-6.2.3.jar:6.2.3]
	at org.springframework.beans.factory.support.DefaultSingletonBeanRegistry.getSingleton(DefaultSingletonBeanRegistry.java:346) ~[spring-beans-6.2.3.jar:6.2.3]
	at org.springframework.beans.factory.support.AbstractBeanFactory.doGetBean(AbstractBeanFactory.java:337) ~[spring-beans-6.2.3.jar:6.2.3]
	at org.springframework.beans.factory.support.AbstractBeanFactory.getBean(AbstractBeanFactory.java:207) ~[spring-beans-6.2.3.jar:6.2.3]
	at org.springframework.context.support.AbstractApplicationContext.finishBeanFactoryInitialization(AbstractApplicationContext.java:970) ~[spring-context-6.2.3.jar:6.2.3]
	at org.springframework.context.support.AbstractApplicationContext.refresh(AbstractApplicationContext.java:627) ~[spring-context-6.2.3.jar:6.2.3]
	at org.springframework.boot.web.servlet.context.ServletWebServerApplicationContext.refresh(ServletWebServerApplicationContext.java:146) ~[spring-boot-3.4.3.jar:3.4.3]
	at org.springframework.boot.SpringApplication.refresh(SpringApplication.java:752) ~[spring-boot-3.4.3.jar:3.4.3]
	at org.springframework.boot.SpringApplication.refreshContext(SpringApplication.java:439) ~[spring-boot-3.4.3.jar:3.4.3]
	at org.springframework.boot.SpringApplication.run(SpringApplication.java:318) ~[spring-boot-3.4.3.jar:3.4.3]
	at org.springframework.boot.SpringApplication.run(SpringApplication.java:1361) ~[spring-boot-3.4.3.jar:3.4.3]
	at org.springframework.boot.SpringApplication.run(SpringApplication.java:1350) ~[spring-boot-3.4.3.jar:3.4.3]
	at kz.bitlab.bitlabtrello.BitlabTrelloApplication.main(BitlabTrelloApplication.java:22) ~[classes/:na]
	at java.base/jdk.internal.reflect.DirectMethodHandleAccessor.invoke(DirectMethodHandleAccessor.java:103) ~[na:na]
	at java.base/java.lang.reflect.Method.invoke(Method.java:580) ~[na:na]
	at org.springframework.boot.devtools.restart.RestartLauncher.run(RestartLauncher.java:50) ~[spring-boot-devtools-3.4.3.jar:3.4.3]
Caused by: jakarta.persistence.PersistenceException: [PersistenceUnit: default] Unable to build Hibernate SessionFactory; nested exception is org.hibernate.MappingException: Column 'id' is duplicated in mapping for entity 'kz.bitlab.bitlabtrello.db.Comment' (use '@Column(insertable=false, updatable=false)' when mapping multiple properties to the same column)
	at org.springframework.orm.jpa.AbstractEntityManagerFactoryBean.buildNativeEntityManagerFactory(AbstractEntityManagerFactoryBean.java:431) ~[spring-orm-6.2.3.jar:6.2.3]
	at org.springframework.orm.jpa.AbstractEntityManagerFactoryBean.afterPropertiesSet(AbstractEntityManagerFactoryBean.java:400) ~[spring-orm-6.2.3.jar:6.2.3]
	at org.springframework.orm.jpa.LocalContainerEntityManagerFactoryBean.afterPropertiesSet(LocalContainerEntityManagerFactoryBean.java:366) ~[spring-orm-6.2.3.jar:6.2.3]
	at org.springframework.beans.factory.support.AbstractAutowireCapableBeanFactory.invokeInitMethods(AbstractAutowireCapableBeanFactory.java:1859) ~[spring-beans-6.2.3.jar:6.2.3]
	at org.springframework.beans.factory.support.AbstractAutowireCapableBeanFactory.initializeBean(AbstractAutowireCapableBeanFactory.java:1808) ~[spring-beans-6.2.3.jar:6.2.3]
	... 18 common frames omitted
Caused by: org.hibernate.MappingException: Column 'id' is duplicated in mapping for entity 'kz.bitlab.bitlabtrello.db.Comment' (use '@Column(insertable=false, updatable=false)' when mapping multiple properties to the same column)
	at org.hibernate.mapping.Value.checkColumnDuplication(Value.java:196) ~[hibernate-core-6.6.8.Final.jar:6.6.8.Final]
	at org.hibernate.mapping.MappingHelper.checkPropertyColumnDuplication(MappingHelper.java:251) ~[hibernate-core-6.6.8.Final.jar:6.6.8.Final]
	at org.hibernate.mapping.PersistentClass.checkColumnDuplication(PersistentClass.java:941) ~[hibernate-core-6.6.8.Final.jar:6.6.8.Final]
	at org.hibernate.mapping.PersistentClass.validate(PersistentClass.java:696) ~[hibernate-core-6.6.8.Final.jar:6.6.8.Final]
	at org.hibernate.mapping.RootClass.validate(RootClass.java:286) ~[hibernate-core-6.6.8.Final.jar:6.6.8.Final]
	at org.hibernate.boot.internal.MetadataImpl.validate(MetadataImpl.java:505) ~[hibernate-core-6.6.8.Final.jar:6.6.8.Final]
	at org.hibernate.internal.SessionFactoryImpl.<init>(SessionFactoryImpl.java:282) ~[hibernate-core-6.6.8.Final.jar:6.6.8.Final]
	at org.hibernate.boot.internal.SessionFactoryBuilderImpl.build(SessionFactoryBuilderImpl.java:463) ~[hibernate-core-6.6.8.Final.jar:6.6.8.Final]
	at org.hibernate.jpa.boot.internal.EntityManagerFactoryBuilderImpl.build(EntityManagerFactoryBuilderImpl.java:1517) ~[hibernate-core-6.6.8.Final.jar:6.6.8.Final]
	at org.springframework.orm.jpa.vendor.SpringHibernateJpaPersistenceProvider.createContainerEntityManagerFactory(SpringHibernateJpaPersistenceProvider.java:66) ~[spring-orm-6.2.3.jar:6.2.3]
	at org.springframework.orm.jpa.LocalContainerEntityManagerFactoryBean.createNativeEntityManagerFactory(LocalContainerEntityManagerFactoryBean.java:390) ~[spring-orm-6.2.3.jar:6.2.3]
	at org.springframework.orm.jpa.AbstractEntityManagerFactoryBean.buildNativeEntityManagerFactory(AbstractEntityManagerFactoryBean.java:419) ~[spring-orm-6.2.3.jar:6.2.3]
	... 22 common frames omitted

2025-03-10T11:05:05.444+05:00  INFO 3500 --- [BitlabTrello] [restartedMain] k.b.b.BitlabTrelloApplication            : Starting BitlabTrelloApplication using Java 21.0.5 with PID 3500 (C:\Users\om\UserFolders\BitlabTrello\target\classes started by om in C:\Users\om\UserFolders\BitlabTrello)
2025-03-10T11:05:05.447+05:00  INFO 3500 --- [BitlabTrello] [restartedMain] k.b.b.BitlabTrelloApplication            : No active profile set, falling back to 1 default profile: "default"
2025-03-10T11:05:05.495+05:00  INFO 3500 --- [BitlabTrello] [restartedMain] .e.DevToolsPropertyDefaultsPostProcessor : Devtools property defaults active! Set 'spring.devtools.add-properties' to 'false' to disable
2025-03-10T11:05:05.496+05:00  INFO 3500 --- [BitlabTrello] [restartedMain] .e.DevToolsPropertyDefaultsPostProcessor : For additional web related logging consider setting the 'logging.level.web' property to 'DEBUG'
2025-03-10T11:05:06.076+05:00  INFO 3500 --- [BitlabTrello] [restartedMain] .s.d.r.c.RepositoryConfigurationDelegate : Bootstrapping Spring Data JPA repositories in DEFAULT mode.
2025-03-10T11:05:06.129+05:00  INFO 3500 --- [BitlabTrello] [restartedMain] .s.d.r.c.RepositoryConfigurationDelegate : Finished Spring Data repository scanning in 42 ms. Found 4 JPA repository interfaces.
2025-03-10T11:05:06.637+05:00  INFO 3500 --- [BitlabTrello] [restartedMain] o.s.b.w.embedded.tomcat.TomcatWebServer  : Tomcat initialized with port 8080 (http)
2025-03-10T11:05:06.649+05:00  INFO 3500 --- [BitlabTrello] [restartedMain] o.apache.catalina.core.StandardService   : Starting service [Tomcat]
2025-03-10T11:05:06.649+05:00  INFO 3500 --- [BitlabTrello] [restartedMain] o.apache.catalina.core.StandardEngine    : Starting Servlet engine: [Apache Tomcat/10.1.36]
2025-03-10T11:05:06.688+05:00  INFO 3500 --- [BitlabTrello] [restartedMain] o.a.c.c.C.[Tomcat].[localhost].[/]       : Initializing Spring embedded WebApplicationContext
2025-03-10T11:05:06.689+05:00  INFO 3500 --- [BitlabTrello] [restartedMain] w.s.c.ServletWebServerApplicationContext : Root WebApplicationContext: initialization completed in 1193 ms
2025-03-10T11:05:06.822+05:00  INFO 3500 --- [BitlabTrello] [restartedMain] o.hibernate.jpa.internal.util.LogHelper  : HHH000204: Processing PersistenceUnitInfo [name: default]
2025-03-10T11:05:06.876+05:00  INFO 3500 --- [BitlabTrello] [restartedMain] org.hibernate.Version                    : HHH000412: Hibernate ORM core version 6.6.8.Final
2025-03-10T11:05:06.909+05:00  INFO 3500 --- [BitlabTrello] [restartedMain] o.h.c.internal.RegionFactoryInitiator    : HHH000026: Second-level cache disabled
2025-03-10T11:05:07.199+05:00  INFO 3500 --- [BitlabTrello] [restartedMain] o.s.o.j.p.SpringPersistenceUnitInfo      : No LoadTimeWeaver setup: ignoring JPA class transformer
2025-03-10T11:05:07.228+05:00  INFO 3500 --- [BitlabTrello] [restartedMain] com.zaxxer.hikari.HikariDataSource       : HikariPool-1 - Starting...
2025-03-10T11:05:07.506+05:00  INFO 3500 --- [BitlabTrello] [restartedMain] com.zaxxer.hikari.pool.HikariPool        : HikariPool-1 - Added connection org.postgresql.jdbc.PgConnection@39d20c4d
2025-03-10T11:05:07.509+05:00  INFO 3500 --- [BitlabTrello] [restartedMain] com.zaxxer.hikari.HikariDataSource       : HikariPool-1 - Start completed.
2025-03-10T11:05:07.543+05:00  WARN 3500 --- [BitlabTrello] [restartedMain] org.hibernate.orm.deprecation            : HHH90000025: PostgreSQLDialect does not need to be specified explicitly using 'hibernate.dialect' (remove the property setting and it will be selected by default)
2025-03-10T11:05:07.561+05:00  INFO 3500 --- [BitlabTrello] [restartedMain] org.hibernate.orm.connections.pooling    : HHH10001005: Database info:
	Database JDBC URL [Connecting through datasource 'HikariDataSource (HikariPool-1)']
	Database driver: undefined/unknown
	Database version: 17.0
	Autocommit mode: undefined/unknown
	Isolation level: undefined/unknown
	Minimum pool size: undefined/unknown
	Maximum pool size: undefined/unknown
2025-03-10T11:05:08.611+05:00  INFO 3500 --- [BitlabTrello] [restartedMain] o.h.e.t.j.p.i.JtaPlatformInitiator       : HHH000489: No JTA platform available (set 'hibernate.transaction.jta.platform' to enable JTA platform integration)
2025-03-10T11:05:08.689+05:00  INFO 3500 --- [BitlabTrello] [restartedMain] j.LocalContainerEntityManagerFactoryBean : Initialized JPA EntityManagerFactory for persistence unit 'default'
2025-03-10T11:05:09.030+05:00  WARN 3500 --- [BitlabTrello] [restartedMain] JpaBaseConfiguration$JpaWebConfiguration : spring.jpa.open-in-view is enabled by default. Therefore, database queries may be performed during view rendering. Explicitly configure spring.jpa.open-in-view to disable this warning
2025-03-10T11:05:09.399+05:00  INFO 3500 --- [BitlabTrello] [restartedMain] o.s.b.d.a.OptionalLiveReloadServer       : LiveReload server is running on port 35729
2025-03-10T11:05:09.432+05:00  INFO 3500 --- [BitlabTrello] [restartedMain] o.s.b.w.embedded.tomcat.TomcatWebServer  : Tomcat started on port 8080 (http) with context path '/'
2025-03-10T11:05:09.439+05:00  INFO 3500 --- [BitlabTrello] [restartedMain] k.b.b.BitlabTrelloApplication            : Started BitlabTrelloApplication in 4.45 seconds (process running for 5.175)
2025-03-10T11:05:09.503+05:00  INFO 3500 --- [BitlabTrello] [restartedMain] k.b.b.BitlabTrelloApplication            : Tasks found with findAll():
2025-03-10T11:05:09.503+05:00  INFO 3500 --- [BitlabTrello] [restartedMain] k.b.b.BitlabTrelloApplication            : =--------------------------
2025-03-10T11:05:09.607+05:00  INFO 3500 --- [BitlabTrello] [restartedMain] k.b.b.BitlabTrelloApplication            : Task[id=1, title='feed the fishes', description='throw food into the aquarium']
2025-03-10T11:05:09.607+05:00  INFO 3500 --- [BitlabTrello] [restartedMain] k.b.b.BitlabTrelloApplication            : Task[id=2, title='mow the lawn', description='get the lawnmower, turn it on and walk around']
2025-03-10T11:05:09.608+05:00  INFO 3500 --- [BitlabTrello] [restartedMain] k.b.b.BitlabTrelloApplication            : 
2025-03-10T11:05:09.622+05:00  INFO 3500 --- [BitlabTrello] [restartedMain] k.b.b.BitlabTrelloApplication            : Task found with findById(1L):
2025-03-10T11:05:09.623+05:00  INFO 3500 --- [BitlabTrello] [restartedMain] k.b.b.BitlabTrelloApplication            : -----------------------------
2025-03-10T11:05:09.623+05:00  INFO 3500 --- [BitlabTrello] [restartedMain] k.b.b.BitlabTrelloApplication            : Task[id=1, title='feed the fishes', description='throw food into the aquarium']
2025-03-10T11:05:09.623+05:00  INFO 3500 --- [BitlabTrello] [restartedMain] k.b.b.BitlabTrelloApplication            : 
2025-03-10T11:05:09.684+05:00  INFO 3500 --- [BitlabTrello] [restartedMain] k.b.b.BitlabTrelloApplication            : Tasks fouund with findByTitle('feed the fishes')
2025-03-10T11:05:09.684+05:00  INFO 3500 --- [BitlabTrello] [restartedMain] k.b.b.BitlabTrelloApplication            : -----------------------------
2025-03-10T11:05:09.684+05:00  INFO 3500 --- [BitlabTrello] [restartedMain] k.b.b.BitlabTrelloApplication            : Task[id=1, title='feed the fishes', description='throw food into the aquarium']
2025-03-10T11:05:09.684+05:00  INFO 3500 --- [BitlabTrello] [restartedMain] k.b.b.BitlabTrelloApplication            : 
2025-03-10T11:10:28.572+05:00  INFO 3500 --- [BitlabTrello] [SpringApplicationShutdownHook] o.s.b.w.e.tomcat.GracefulShutdown        : Commencing graceful shutdown. Waiting for active requests to complete
2025-03-10T11:10:28.578+05:00  INFO 3500 --- [BitlabTrello] [tomcat-shutdown] o.s.b.w.e.tomcat.GracefulShutdown        : Graceful shutdown complete
2025-03-10T11:10:28.582+05:00  INFO 3500 --- [BitlabTrello] [SpringApplicationShutdownHook] j.LocalContainerEntityManagerFactoryBean : Closing JPA EntityManagerFactory for persistence unit 'default'
2025-03-10T11:10:28.586+05:00  INFO 3500 --- [BitlabTrello] [SpringApplicationShutdownHook] com.zaxxer.hikari.HikariDataSource       : HikariPool-1 - Shutdown initiated...
2025-03-10T11:10:28.589+05:00  INFO 3500 --- [BitlabTrello] [SpringApplicationShutdownHook] com.zaxxer.hikari.HikariDataSource       : HikariPool-1 - Shutdown completed.
2025-03-11T14:09:40.256+05:00  INFO 6947 --- [BitlabTrello] [restartedMain] k.b.b.BitlabTrelloApplication            : Starting BitlabTrelloApplication using Java 23.0.1 with PID 6947 (/media/om/Shared Volume/projects/BitLabTrello/target/classes started by om in /media/om/Shared Volume/projects/BitLabTrello)
2025-03-11T14:09:40.258+05:00  INFO 6947 --- [BitlabTrello] [restartedMain] k.b.b.BitlabTrelloApplication            : No active profile set, falling back to 1 default profile: "default"
2025-03-11T14:09:40.319+05:00  INFO 6947 --- [BitlabTrello] [restartedMain] .e.DevToolsPropertyDefaultsPostProcessor : Devtools property defaults active! Set 'spring.devtools.add-properties' to 'false' to disable
2025-03-11T14:09:40.319+05:00  INFO 6947 --- [BitlabTrello] [restartedMain] .e.DevToolsPropertyDefaultsPostProcessor : For additional web related logging consider setting the 'logging.level.web' property to 'DEBUG'
2025-03-11T14:09:40.959+05:00  INFO 6947 --- [BitlabTrello] [restartedMain] .s.d.r.c.RepositoryConfigurationDelegate : Bootstrapping Spring Data JPA repositories in DEFAULT mode.
2025-03-11T14:09:41.008+05:00  INFO 6947 --- [BitlabTrello] [restartedMain] .s.d.r.c.RepositoryConfigurationDelegate : Finished Spring Data repository scanning in 41 ms. Found 4 JPA repository interfaces.
2025-03-11T14:09:41.494+05:00  INFO 6947 --- [BitlabTrello] [restartedMain] o.s.b.w.embedded.tomcat.TomcatWebServer  : Tomcat initialized with port 8080 (http)
2025-03-11T14:09:41.506+05:00  INFO 6947 --- [BitlabTrello] [restartedMain] o.apache.catalina.core.StandardService   : Starting service [Tomcat]
2025-03-11T14:09:41.506+05:00  INFO 6947 --- [BitlabTrello] [restartedMain] o.apache.catalina.core.StandardEngine    : Starting Servlet engine: [Apache Tomcat/10.1.36]
2025-03-11T14:09:41.538+05:00  INFO 6947 --- [BitlabTrello] [restartedMain] o.a.c.c.C.[Tomcat].[localhost].[/]       : Initializing Spring embedded WebApplicationContext
2025-03-11T14:09:41.538+05:00  INFO 6947 --- [BitlabTrello] [restartedMain] w.s.c.ServletWebServerApplicationContext : Root WebApplicationContext: initialization completed in 1218 ms
2025-03-11T14:09:41.663+05:00  INFO 6947 --- [BitlabTrello] [restartedMain] o.hibernate.jpa.internal.util.LogHelper  : HHH000204: Processing PersistenceUnitInfo [name: default]
2025-03-11T14:09:41.722+05:00  INFO 6947 --- [BitlabTrello] [restartedMain] org.hibernate.Version                    : HHH000412: Hibernate ORM core version 6.6.8.Final
2025-03-11T14:09:41.766+05:00  INFO 6947 --- [BitlabTrello] [restartedMain] o.h.c.internal.RegionFactoryInitiator    : HHH000026: Second-level cache disabled
2025-03-11T14:09:42.088+05:00  INFO 6947 --- [BitlabTrello] [restartedMain] o.s.o.j.p.SpringPersistenceUnitInfo      : No LoadTimeWeaver setup: ignoring JPA class transformer
2025-03-11T14:09:42.117+05:00  INFO 6947 --- [BitlabTrello] [restartedMain] com.zaxxer.hikari.HikariDataSource       : HikariPool-1 - Starting...
2025-03-11T14:09:42.435+05:00  INFO 6947 --- [BitlabTrello] [restartedMain] com.zaxxer.hikari.pool.HikariPool        : HikariPool-1 - Added connection org.postgresql.jdbc.PgConnection@2ab3a019
2025-03-11T14:09:42.436+05:00  INFO 6947 --- [BitlabTrello] [restartedMain] com.zaxxer.hikari.HikariDataSource       : HikariPool-1 - Start completed.
2025-03-11T14:09:42.470+05:00  WARN 6947 --- [BitlabTrello] [restartedMain] org.hibernate.orm.deprecation            : HHH90000025: PostgreSQLDialect does not need to be specified explicitly using 'hibernate.dialect' (remove the property setting and it will be selected by default)
2025-03-11T14:09:42.489+05:00  INFO 6947 --- [BitlabTrello] [restartedMain] org.hibernate.orm.connections.pooling    : HHH10001005: Database info:
	Database JDBC URL [Connecting through datasource 'HikariDataSource (HikariPool-1)']
	Database driver: undefined/unknown
	Database version: 15.10
	Autocommit mode: undefined/unknown
	Isolation level: undefined/unknown
	Minimum pool size: undefined/unknown
	Maximum pool size: undefined/unknown
2025-03-11T14:09:43.392+05:00  INFO 6947 --- [BitlabTrello] [restartedMain] o.h.e.t.j.p.i.JtaPlatformInitiator       : HHH000489: No JTA platform available (set 'hibernate.transaction.jta.platform' to enable JTA platform integration)
2025-03-11T14:09:43.471+05:00  INFO 6947 --- [BitlabTrello] [restartedMain] j.LocalContainerEntityManagerFactoryBean : Initialized JPA EntityManagerFactory for persistence unit 'default'
2025-03-11T14:09:43.791+05:00  WARN 6947 --- [BitlabTrello] [restartedMain] JpaBaseConfiguration$JpaWebConfiguration : spring.jpa.open-in-view is enabled by default. Therefore, database queries may be performed during view rendering. Explicitly configure spring.jpa.open-in-view to disable this warning
2025-03-11T14:09:44.098+05:00  INFO 6947 --- [BitlabTrello] [restartedMain] o.s.b.d.a.OptionalLiveReloadServer       : LiveReload server is running on port 35729
2025-03-11T14:09:44.124+05:00  INFO 6947 --- [BitlabTrello] [restartedMain] o.s.b.w.embedded.tomcat.TomcatWebServer  : Tomcat started on port 8080 (http) with context path '/'
2025-03-11T14:09:44.131+05:00  INFO 6947 --- [BitlabTrello] [restartedMain] k.b.b.BitlabTrelloApplication            : Started BitlabTrelloApplication in 4.595 seconds (process running for 5.793)
2025-03-11T14:09:44.194+05:00  INFO 6947 --- [BitlabTrello] [restartedMain] k.b.b.BitlabTrelloApplication            : Tasks found with findAll():
2025-03-11T14:09:44.194+05:00  INFO 6947 --- [BitlabTrello] [restartedMain] k.b.b.BitlabTrelloApplication            : =--------------------------
2025-03-11T14:09:44.280+05:00  INFO 6947 --- [BitlabTrello] [restartedMain] k.b.b.BitlabTrelloApplication            : Task[id=1, title='feed the fishes', description='throw food into the aquarium']
2025-03-11T14:09:44.280+05:00  INFO 6947 --- [BitlabTrello] [restartedMain] k.b.b.BitlabTrelloApplication            : Task[id=2, title='mow the lawn', description='get the lawnmower, turn it on and walk around']
2025-03-11T14:09:44.280+05:00  INFO 6947 --- [BitlabTrello] [restartedMain] k.b.b.BitlabTrelloApplication            : 
2025-03-11T14:09:44.290+05:00  INFO 6947 --- [BitlabTrello] [restartedMain] k.b.b.BitlabTrelloApplication            : Task found with findById(1L):
2025-03-11T14:09:44.290+05:00  INFO 6947 --- [BitlabTrello] [restartedMain] k.b.b.BitlabTrelloApplication            : -----------------------------
2025-03-11T14:09:44.290+05:00  INFO 6947 --- [BitlabTrello] [restartedMain] k.b.b.BitlabTrelloApplication            : Task[id=1, title='feed the fishes', description='throw food into the aquarium']
2025-03-11T14:09:44.291+05:00  INFO 6947 --- [BitlabTrello] [restartedMain] k.b.b.BitlabTrelloApplication            : 
2025-03-11T14:09:44.354+05:00  INFO 6947 --- [BitlabTrello] [restartedMain] k.b.b.BitlabTrelloApplication            : Tasks fouund with findByTitle('feed the fishes')
2025-03-11T14:09:44.354+05:00  INFO 6947 --- [BitlabTrello] [restartedMain] k.b.b.BitlabTrelloApplication            : -----------------------------
2025-03-11T14:09:44.355+05:00  INFO 6947 --- [BitlabTrello] [restartedMain] k.b.b.BitlabTrelloApplication            : Task[id=1, title='feed the fishes', description='throw food into the aquarium']
2025-03-11T14:09:44.355+05:00  INFO 6947 --- [BitlabTrello] [restartedMain] k.b.b.BitlabTrelloApplication            : 
2025-03-11T14:09:48.781+05:00  INFO 6947 --- [BitlabTrello] [SpringApplicationShutdownHook] o.s.b.w.e.tomcat.GracefulShutdown        : Commencing graceful shutdown. Waiting for active requests to complete
2025-03-11T14:09:48.783+05:00  INFO 6947 --- [BitlabTrello] [tomcat-shutdown] o.s.b.w.e.tomcat.GracefulShutdown        : Graceful shutdown complete
2025-03-11T14:09:48.787+05:00  INFO 6947 --- [BitlabTrello] [SpringApplicationShutdownHook] j.LocalContainerEntityManagerFactoryBean : Closing JPA EntityManagerFactory for persistence unit 'default'
2025-03-11T14:09:48.791+05:00  INFO 6947 --- [BitlabTrello] [SpringApplicationShutdownHook] com.zaxxer.hikari.HikariDataSource       : HikariPool-1 - Shutdown initiated...
2025-03-11T14:09:48.799+05:00  INFO 6947 --- [BitlabTrello] [SpringApplicationShutdownHook] com.zaxxer.hikari.HikariDataSource       : HikariPool-1 - Shutdown completed.
